<?xml version="1.0" encoding="UTF-8"?>
<!-- Generated by org.testng.reporters.JUnitReportReporter -->
<testsuite skipped="0" hostname="DESKTOP-7K73ORV" name="Tests.GenerateSingleReport" tests="1" failures="0" timestamp="2020-06-10T12:06:23 CEST" time="22.881" errors="0">
  <testcase name="asUserTryGenerateSingleReport" time="22.881" classname="Tests.GenerateSingleReport"/>
</testsuite> <!-- Tests.GenerateSingleReport -->
