<?xml version="1.0" encoding="UTF-8"?>
<!-- Generated by org.testng.reporters.JUnitReportReporter -->
<testsuite skipped="0" hostname="DESKTOP-7K73ORV" name="Tests.LoginFailedTest" tests="1" failures="0" timestamp="2020-06-10T12:06:23 CEST" time="17.956" errors="0">
  <testcase name="asUserTryLogintoAccountFail" time="17.956" classname="Tests.LoginFailedTest"/>
</testsuite> <!-- Tests.LoginFailedTest -->
