<?xml version="1.0" encoding="UTF-8"?>
<!-- Generated by org.testng.reporters.JUnitReportReporter -->
<testsuite skipped="0" hostname="DESKTOP-7K73ORV" name="Tests.PositiveLoginTest" tests="1" failures="0" timestamp="2020-06-10T12:06:23 CEST" time="14.080" errors="0">
  <testcase name="asUserTryPositiveLogintoAccount" time="14.080" classname="Tests.PositiveLoginTest"/>
</testsuite> <!-- Tests.PositiveLoginTest -->
